<?xml version="1.0" encoding="UTF-8"?>
<!-- Generated by org.testng.reporters.JUnitReportReporter -->
<testsuite hostname="LAPTOP-MR584CTC" failures="0" tests="2" name="POM.LoginTest" time="5.992" errors="0" timestamp="2024-08-05T12:53:19 IST" skipped="0">
  <testcase classname="POM.LoginTest" name="CheckLogo" time="0.099"/>
  <system-out/>
  <testcase classname="POM.LoginTest" name="TestLogin" time="5.893"/>
  <system-out/>
</testsuite> <!-- POM.LoginTest -->
