<?xml version="1.0" encoding="UTF-8"?>
<!-- Generated by org.testng.reporters.JUnitReportReporter -->
<testsuite hostname="LAPTOP-MR584CTC" failures="0" tests="4" name="TestNG.NewTest_First" time="52.342" errors="0" timestamp="2024-08-07T11:53:13 IST" skipped="0">
  <testcase classname="TestNG.NewTest_First" name="tearUp" time="41.663"/>
  <system-out/>
  <testcase classname="TestNG.NewTest_First" name="Logo" time="1.334"/>
  <system-out/>
  <testcase classname="TestNG.NewTest_First" name="Login" time="9.223"/>
  <system-out/>
  <testcase classname="TestNG.NewTest_First" name="teaeDown" time="0.122"/>
  <system-out/>
</testsuite> <!-- TestNG.NewTest_First -->
