<?xml version="1.0" encoding="UTF-8"?>
<!-- Generated by org.testng.reporters.JUnitReportReporter -->
<testsuite hostname="LAPTOP-MR584CTC" failures="0" tests="6" name="TestNG.Parallel_D" time="43.636" errors="0" timestamp="2024-08-05T11:17:41 IST" skipped="0">
  <testcase classname="TestNG.Parallel_D" name="Logo" time="4.006"/>
  <system-out/>
  <testcase classname="TestNG.Parallel_D" name="Logo" time="5.301"/>
  <system-out/>
  <testcase classname="TestNG.Parallel_D" name="Logo" time="3.066"/>
  <system-out/>
  <testcase classname="TestNG.Parallel_D" name="Login" time="12.027"/>
  <system-out/>
  <testcase classname="TestNG.Parallel_D" name="Login" time="9.779"/>
  <system-out/>
  <testcase classname="TestNG.Parallel_D" name="Login" time="9.457"/>
  <system-out/>
</testsuite> <!-- TestNG.Parallel_D -->
