<?xml version="1.0" encoding="UTF-8"?>
<!-- Generated by org.testng.reporters.JUnitReportReporter -->
<testsuite hostname="LAPTOP-MR584CTC" failures="0" tests="2" name="TestNG.Annotation_D" time="0.005" errors="0" timestamp="2024-08-07T11:53:13 IST" skipped="0">
  <testcase classname="TestNG.Annotation_D" name="search" time="0.003"/>
  <system-out/>
  <testcase classname="TestNG.Annotation_D" name="AdvancedSearch" time="0.002"/>
  <system-out/>
</testsuite> <!-- TestNG.Annotation_D -->
