<?xml version="1.0" encoding="UTF-8"?>
<!-- Generated by org.testng.reporters.JUnitReportReporter -->
<testsuite hostname="LAPTOP-MR584CTC" failures="0" tests="3" name="TestNG.First_Test" time="0.011" errors="0" timestamp="2024-07-31T12:55:03 IST" skipped="0">
  <testcase classname="TestNG.First_Test" name="OpenURL" time="0.009"/>
  <system-out/>
  <testcase classname="TestNG.First_Test" name="Login" time="0.001"/>
  <system-out/>
  <testcase classname="TestNG.First_Test" name="Logout" time="0.001"/>
  <system-out/>
</testsuite> <!-- TestNG.First_Test -->
