<?xml version="1.0" encoding="UTF-8"?>
<!-- Generated by org.testng.reporters.JUnitReportReporter -->
<testsuite hostname="LAPTOP-MR584CTC" failures="0" tests="2" name="POM.AutomationPractise_Test" time="5.066" errors="0" timestamp="2024-08-05T16:11:27 IST" skipped="0">
  <testcase classname="POM.AutomationPractise_Test" name="checkLogo" time="0.119"/>
  <system-out/>
  <testcase classname="POM.AutomationPractise_Test" name="checkRegistered" time="4.947"/>
  <system-out/>
</testsuite> <!-- POM.AutomationPractise_Test -->
